4386:C 02 Apr 2023 18:11:50.585 # oO0OoO0OoO0Oo Redis is starting oO0OoO0OoO0Oo
4386:C 02 Apr 2023 18:11:50.585 # Redis version=6.0.18, bits=64, commit=00000000, modified=0, pid=4386, just started
4386:C 02 Apr 2023 18:11:50.585 # Configuration loaded
                _._                                                  
           _.-``__ ''-._                                             
      _.-``    `.  `_.  ''-._           Redis 6.0.18 (00000000/0) 64 bit
  .-`` .-```.  ```\/    _.,_ ''-._                                   
 (    '      ,       .-`  | `,    )     Running in standalone mode
 |`-._`-...-` __...-.``-._|'` _.-'|     Port: 6379
 |    `-._   `._    /     _.-'    |     PID: 4386
  `-._    `-._  `-./  _.-'    _.-'                                   
 |`-._`-._    `-.__.-'    _.-'_.-'|                                  
 |    `-._`-._        _.-'_.-'    |           http://redis.io        
  `-._    `-._`-.__.-'_.-'    _.-'                                   
 |`-._`-._    `-.__.-'    _.-'_.-'|                                  
 |    `-._`-._        _.-'_.-'    |                                  
  `-._    `-._`-.__.-'_.-'    _.-'                                   
      `-._    `-.__.-'    _.-'                                       
          `-._        _.-'                                           
              `-.__.-'                                               

4386:M 02 Apr 2023 18:11:50.587 # Server initialized
4386:M 02 Apr 2023 18:11:50.588 * Ready to accept connections
